2023-12-11T18:23:02.867904+00:00 INFO 'ansible_navigator.setup_logger' New ansible-navigator instance, logging initialized
2023-12-11T18:23:02.868475+00:00 INFO 'ansible_navigator.setup_logger' New ansible-runner instance, logging initialized
2023-12-11T18:23:02.868623+00:00 DEBUG 'ansible_navigator.main' ansible-builder==1.2.0 /usr/lib/python3.9/site-packages
2023-12-11T18:23:02.868686+00:00 DEBUG 'ansible_navigator.main' ansible-compat==2.2.1 /usr/lib/python3.9/site-packages
2023-12-11T18:23:02.868767+00:00 DEBUG 'ansible_navigator.main' ansible-core==2.14.10 /usr/lib/python3.9/site-packages
2023-12-11T18:23:02.868819+00:00 DEBUG 'ansible_navigator.main' ansible-lint==6.8.2 /usr/lib/python3.9/site-packages
2023-12-11T18:23:02.868859+00:00 DEBUG 'ansible_navigator.main' ansible-navigator==2.2.0 /usr/lib/python3.9/site-packages
2023-12-11T18:23:02.868908+00:00 DEBUG 'ansible_navigator.main' ansible-runner==2.3.2 /usr/lib/python3.9/site-packages
2023-12-11T18:23:02.868949+00:00 DEBUG 'ansible_navigator.main' attrs==20.3.0 /usr/lib/python3.9/site-packages
2023-12-11T18:23:02.868989+00:00 DEBUG 'ansible_navigator.main' babel==2.9.1 /usr/lib/python3.9/site-packages
2023-12-11T18:23:02.869032+00:00 DEBUG 'ansible_navigator.main' bindep==2.10.2 /usr/lib/python3.9/site-packages
2023-12-11T18:23:02.869069+00:00 DEBUG 'ansible_navigator.main' black==22.8.0 /usr/lib/python3.9/site-packages
2023-12-11T18:23:02.869105+00:00 DEBUG 'ansible_navigator.main' bracex==2.2.1 /usr/lib/python3.9/site-packages
2023-12-11T18:23:02.869153+00:00 DEBUG 'ansible_navigator.main' brlapi==0.8.2 /usr/lib64/python3.9/site-packages
2023-12-11T18:23:02.869190+00:00 DEBUG 'ansible_navigator.main' cffi==1.14.5 /usr/lib64/python3.9/site-packages
2023-12-11T18:23:02.869227+00:00 DEBUG 'ansible_navigator.main' chardet==4.0.0 /usr/lib/python3.9/site-packages
2023-12-11T18:23:02.869271+00:00 DEBUG 'ansible_navigator.main' chrome-gnome-shell==0.0.0 /usr/lib/python3.9/site-packages
2023-12-11T18:23:02.869308+00:00 DEBUG 'ansible_navigator.main' click==8.0.4 /usr/lib/python3.9/site-packages
2023-12-11T18:23:02.869344+00:00 DEBUG 'ansible_navigator.main' cloud-init==22.1 /usr/lib/python3.9/site-packages
2023-12-11T18:23:02.869383+00:00 DEBUG 'ansible_navigator.main' commonmark==0.9.1 /usr/lib/python3.9/site-packages
2023-12-11T18:23:02.869420+00:00 DEBUG 'ansible_navigator.main' configobj==5.0.6 /usr/lib/python3.9/site-packages
2023-12-11T18:23:02.869455+00:00 DEBUG 'ansible_navigator.main' cryptography==36.0.1 /usr/lib64/python3.9/site-packages
2023-12-11T18:23:02.869512+00:00 DEBUG 'ansible_navigator.main' cupshelpers==1.0 /usr/lib/python3.9/site-packages
2023-12-11T18:23:02.869565+00:00 DEBUG 'ansible_navigator.main' dasbus==1.4 /usr/lib/python3.9/site-packages
2023-12-11T18:23:02.869605+00:00 DEBUG 'ansible_navigator.main' dbus-python==1.2.18 /usr/lib64/python3.9/site-packages
2023-12-11T18:23:02.869676+00:00 DEBUG 'ansible_navigator.main' decorator==4.4.2 /usr/lib/python3.9/site-packages
2023-12-11T18:23:02.869716+00:00 DEBUG 'ansible_navigator.main' distlib==0.3.7 /usr/local/lib/python3.9/site-packages
2023-12-11T18:23:02.869764+00:00 DEBUG 'ansible_navigator.main' distro==1.5.0 /usr/lib/python3.9/site-packages
2023-12-11T18:23:02.869810+00:00 DEBUG 'ansible_navigator.main' docutils==0.16 /usr/lib/python3.9/site-packages
2023-12-11T18:23:02.869850+00:00 DEBUG 'ansible_navigator.main' ethtool==0.15 /usr/lib64/python3.9/site-packages
2023-12-11T18:23:02.869916+00:00 DEBUG 'ansible_navigator.main' file-magic==0.4.0 /usr/lib/python3.9/site-packages
2023-12-11T18:23:02.869959+00:00 DEBUG 'ansible_navigator.main' filelock==3.12.4 /usr/local/lib/python3.9/site-packages
2023-12-11T18:23:02.869996+00:00 DEBUG 'ansible_navigator.main' future==0.18.3 /usr/lib/python3.9/site-packages
2023-12-11T18:23:02.870032+00:00 DEBUG 'ansible_navigator.main' gpg==1.15.1 /usr/lib64/python3.9/site-packages
2023-12-11T18:23:02.870071+00:00 DEBUG 'ansible_navigator.main' idna==2.10 /usr/lib/python3.9/site-packages
2023-12-11T18:23:02.870116+00:00 DEBUG 'ansible_navigator.main' iniparse==0.4 /usr/lib/python3.9/site-packages
2023-12-11T18:23:02.870176+00:00 DEBUG 'ansible_navigator.main' jinja2==3.1.2 /usr/lib/python3.9/site-packages
2023-12-11T18:23:02.870215+00:00 DEBUG 'ansible_navigator.main' jsonpatch==1.21 /usr/lib/python3.9/site-packages
2023-12-11T18:23:02.870250+00:00 DEBUG 'ansible_navigator.main' jsonpointer==2.0 /usr/lib/python3.9/site-packages
2023-12-11T18:23:02.870289+00:00 DEBUG 'ansible_navigator.main' jsonschema==4.9.1 /usr/lib/python3.9/site-packages
2023-12-11T18:23:02.870325+00:00 DEBUG 'ansible_navigator.main' libcomps==0.1.18 /usr/lib64/python3.9/site-packages
2023-12-11T18:23:02.870359+00:00 DEBUG 'ansible_navigator.main' lockfile==0.12.2 /usr/lib/python3.9/site-packages
2023-12-11T18:23:02.870398+00:00 DEBUG 'ansible_navigator.main' lxml==4.6.5 /usr/lib64/python3.9/site-packages
2023-12-11T18:23:02.870434+00:00 DEBUG 'ansible_navigator.main' markupsafe==2.1.0 /usr/lib64/python3.9/site-packages
2023-12-11T18:23:02.870468+00:00 DEBUG 'ansible_navigator.main' mypy-extensions==0.4.3 /usr/lib/python3.9/site-packages
2023-12-11T18:23:02.870521+00:00 DEBUG 'ansible_navigator.main' netifaces==0.10.6 /usr/lib64/python3.9/site-packages
2023-12-11T18:23:02.870572+00:00 DEBUG 'ansible_navigator.main' nftables==0.1 /usr/lib/python3.9/site-packages
2023-12-11T18:23:02.870611+00:00 DEBUG 'ansible_navigator.main' oauthlib==3.1.1 /usr/lib/python3.9/site-packages
2023-12-11T18:23:02.870651+00:00 DEBUG 'ansible_navigator.main' onigurumacffi==1.1.0 /usr/lib64/python3.9/site-packages
2023-12-11T18:23:02.870687+00:00 DEBUG 'ansible_navigator.main' packaging==20.9 /usr/lib/python3.9/site-packages
2023-12-11T18:23:02.870722+00:00 DEBUG 'ansible_navigator.main' parsley==1.3 /usr/lib/python3.9/site-packages
2023-12-11T18:23:02.870773+00:00 DEBUG 'ansible_navigator.main' pathspec==0.9.0 /usr/lib/python3.9/site-packages
2023-12-11T18:23:02.870811+00:00 DEBUG 'ansible_navigator.main' pbr==5.8.1 /usr/lib/python3.9/site-packages
2023-12-11T18:23:02.870847+00:00 DEBUG 'ansible_navigator.main' perf==0.1 /usr/lib64/python3.9/site-packages
2023-12-11T18:23:02.870886+00:00 DEBUG 'ansible_navigator.main' pexpect==4.8.0 /usr/lib/python3.9/site-packages
2023-12-11T18:23:02.870922+00:00 DEBUG 'ansible_navigator.main' pip==21.2.3 /usr/lib/python3.9/site-packages
2023-12-11T18:23:02.870957+00:00 DEBUG 'ansible_navigator.main' platformdirs==3.10.0 /usr/local/lib/python3.9/site-packages
2023-12-11T18:23:02.870996+00:00 DEBUG 'ansible_navigator.main' ply==3.11 /usr/lib/python3.9/site-packages
2023-12-11T18:23:02.871031+00:00 DEBUG 'ansible_navigator.main' prettytable==0.7.2 /usr/lib/python3.9/site-packages
2023-12-11T18:23:02.871066+00:00 DEBUG 'ansible_navigator.main' psutil==5.8.0 /usr/lib64/python3.9/site-packages
2023-12-11T18:23:02.871117+00:00 DEBUG 'ansible_navigator.main' ptyprocess==0.6.0 /usr/lib/python3.9/site-packages
2023-12-11T18:23:02.871152+00:00 DEBUG 'ansible_navigator.main' pycairo==1.20.1 /usr/lib64/python3.9/site-packages
2023-12-11T18:23:02.871186+00:00 DEBUG 'ansible_navigator.main' pycparser==2.20 /usr/lib/python3.9/site-packages
2023-12-11T18:23:02.871227+00:00 DEBUG 'ansible_navigator.main' pycups==2.0.1 /usr/lib64/python3.9/site-packages
2023-12-11T18:23:02.871262+00:00 DEBUG 'ansible_navigator.main' pycurl==7.43.0.6 /usr/lib64/python3.9/site-packages
2023-12-11T18:23:02.871296+00:00 DEBUG 'ansible_navigator.main' pyenchant==3.2.0 /usr/lib/python3.9/site-packages
2023-12-11T18:23:02.871336+00:00 DEBUG 'ansible_navigator.main' pygments==2.11.2 /usr/lib/python3.9/site-packages
2023-12-11T18:23:02.871370+00:00 DEBUG 'ansible_navigator.main' pygobject==3.40.1 /usr/lib64/python3.9/site-packages
2023-12-11T18:23:02.871404+00:00 DEBUG 'ansible_navigator.main' pyinotify==0.9.6 /usr/lib/python3.9/site-packages
2023-12-11T18:23:02.871442+00:00 DEBUG 'ansible_navigator.main' pyparsing==2.4.7 /usr/lib/python3.9/site-packages
2023-12-11T18:23:02.871477+00:00 DEBUG 'ansible_navigator.main' pyrsistent==0.17.3 /usr/lib64/python3.9/site-packages
2023-12-11T18:23:02.871521+00:00 DEBUG 'ansible_navigator.main' pyserial==3.4 /usr/lib/python3.9/site-packages
2023-12-11T18:23:02.871587+00:00 DEBUG 'ansible_navigator.main' pysocks==1.7.1 /usr/lib/python3.9/site-packages
2023-12-11T18:23:02.871630+00:00 DEBUG 'ansible_navigator.main' python-daemon==2.3.0 /usr/lib/python3.9/site-packages
2023-12-11T18:23:02.871670+00:00 DEBUG 'ansible_navigator.main' python-dateutil==2.8.1 /usr/lib/python3.9/site-packages
2023-12-11T18:23:02.871705+00:00 DEBUG 'ansible_navigator.main' python-linux-procfs==0.7.0 /usr/lib/python3.9/site-packages
2023-12-11T18:23:02.871740+00:00 DEBUG 'ansible_navigator.main' pytz==2021.1 /usr/lib/python3.9/site-packages
2023-12-11T18:23:02.871794+00:00 DEBUG 'ansible_navigator.main' pyudev==0.22.0 /usr/lib/python3.9/site-packages
2023-12-11T18:23:02.871831+00:00 DEBUG 'ansible_navigator.main' pyxdg==0.27 /usr/lib/python3.9/site-packages
2023-12-11T18:23:02.871866+00:00 DEBUG 'ansible_navigator.main' pyyaml==5.4.1 /usr/lib64/python3.9/site-packages
2023-12-11T18:23:02.871905+00:00 DEBUG 'ansible_navigator.main' requests==2.25.1 /usr/lib/python3.9/site-packages
2023-12-11T18:23:02.871939+00:00 DEBUG 'ansible_navigator.main' requirements-parser==0.2.0 /usr/lib/python3.9/site-packages
2023-12-11T18:23:02.871977+00:00 DEBUG 'ansible_navigator.main' resolvelib==0.5.4 /usr/lib/python3.9/site-packages
2023-12-11T18:23:02.872016+00:00 DEBUG 'ansible_navigator.main' rich==12.0.0 /usr/lib/python3.9/site-packages
2023-12-11T18:23:02.872051+00:00 DEBUG 'ansible_navigator.main' rpm==4.16.1.3 /usr/lib64/python3.9/site-packages
2023-12-11T18:23:02.872085+00:00 DEBUG 'ansible_navigator.main' ruamel.yaml.clib==0.2.6 /usr/lib64/python3.9/site-packages
2023-12-11T18:23:02.872124+00:00 DEBUG 'ansible_navigator.main' ruamel.yaml==0.17.21 /usr/lib/python3.9/site-packages
2023-12-11T18:23:02.872159+00:00 DEBUG 'ansible_navigator.main' selinux==3.4 /usr/lib64/python3.9/site-packages
2023-12-11T18:23:02.872193+00:00 DEBUG 'ansible_navigator.main' sepolicy==3.4 /usr/lib/python3.9/site-packages
2023-12-11T18:23:02.872233+00:00 DEBUG 'ansible_navigator.main' setools==4.4.0 /usr/lib64/python3.9/site-packages
2023-12-11T18:23:02.872268+00:00 DEBUG 'ansible_navigator.main' setroubleshoot==1.1 /usr/lib/python3.9/site-packages
2023-12-11T18:23:02.872302+00:00 DEBUG 'ansible_navigator.main' setuptools==53.0.0 /usr/lib/python3.9/site-packages
2023-12-11T18:23:02.872341+00:00 DEBUG 'ansible_navigator.main' six==1.15.0 /usr/lib/python3.9/site-packages
2023-12-11T18:23:02.872377+00:00 DEBUG 'ansible_navigator.main' sos==4.3 /usr/lib/python3.9/site-packages
2023-12-11T18:23:02.872412+00:00 DEBUG 'ansible_navigator.main' subprocess-tee==0.3.5 /usr/lib/python3.9/site-packages
2023-12-11T18:23:02.872450+00:00 DEBUG 'ansible_navigator.main' subscription-manager==1.29.30 /usr/lib64/python3.9/site-packages
2023-12-11T18:23:02.872486+00:00 DEBUG 'ansible_navigator.main' systemd-python==234 /usr/lib64/python3.9/site-packages
2023-12-11T18:23:02.872530+00:00 DEBUG 'ansible_navigator.main' tomli==2.0.1 /usr/lib/python3.9/site-packages
2023-12-11T18:23:02.872577+00:00 DEBUG 'ansible_navigator.main' typing-extensions==3.10.0.2 /usr/lib/python3.9/site-packages
2023-12-11T18:23:02.872622+00:00 DEBUG 'ansible_navigator.main' urllib3==1.26.5 /usr/lib/python3.9/site-packages
2023-12-11T18:23:02.872657+00:00 DEBUG 'ansible_navigator.main' virtualenv==20.24.5 /usr/local/lib/python3.9/site-packages
2023-12-11T18:23:02.872704+00:00 DEBUG 'ansible_navigator.main' wcmatch==8.3 /usr/lib/python3.9/site-packages
2023-12-11T18:23:02.872739+00:00 DEBUG 'ansible_navigator.main' yamllint==1.26.3 /usr/lib/python3.9/site-packages
2023-12-11T18:23:02.872797+00:00 DEBUG 'ansible_navigator.main' Share directory '/usr/lib/python3.9/share/ansible_navigator' not found (development path)
2023-12-11T18:23:02.872839+00:00 DEBUG 'ansible_navigator.main' Share directory '/home/student/.local/share/ansible_navigator' not found (userbase)
2023-12-11T18:23:02.872875+00:00 DEBUG 'ansible_navigator.main' Share directory '/usr/share/ansible_navigator' found (sys.prefix)
2023-12-11T18:23:02.872910+00:00 DEBUG 'ansible_navigator.main' Default collection_doc_cache_path set to: /home/student/.cache/ansible-navigator/collection_doc_cache.db
2023-12-11T18:23:02.872965+00:00 DEBUG 'ansible_navigator.main' EDITOR environment variable not set
2023-12-11T18:23:02.873001+00:00 DEBUG 'ansible_navigator.main' Default editor_command set to: vi +{line_number} {filename}
2023-12-11T18:23:02.873040+00:00 DEBUG 'ansible_navigator.main' No config file set by ANSIBLE_NAVIGATOR_CONFIG
2023-12-11T18:23:02.873076+00:00 DEBUG 'ansible_navigator.main' Looking in /home/student
2023-12-11T18:23:02.873111+00:00 DEBUG 'ansible_navigator.main' Looking for '/home/student/.ansible-navigator.yml', '/home/student/.ansible-navigator.yaml' and '/home/student/.ansible-navigator.json'
2023-12-11T18:23:02.873154+00:00 DEBUG 'ansible_navigator.main' Found 0: 
2023-12-11T18:23:02.873190+00:00 DEBUG 'ansible_navigator.main' Looking in /home/student/MyLaptop/Demos/CH1
2023-12-11T18:23:02.873225+00:00 DEBUG 'ansible_navigator.main' Looking for '/home/student/MyLaptop/Demos/CH1/ansible-navigator.yml', '/home/student/MyLaptop/Demos/CH1/ansible-navigator.yaml' and '/home/student/MyLaptop/Demos/CH1/ansible-navigator.json'
2023-12-11T18:23:02.873267+00:00 DEBUG 'ansible_navigator.main' Found 1: '/home/student/MyLaptop/Demos/CH1/ansible-navigator.yml'
2023-12-11T18:23:02.873302+00:00 DEBUG 'ansible_navigator.main' All found 1: '/home/student/MyLaptop/Demos/CH1/ansible-navigator.yml'
2023-12-11T18:23:02.873338+00:00 DEBUG 'ansible_navigator.main' Using: /home/student/MyLaptop/Demos/CH1/ansible-navigator.yml
2023-12-11T18:23:02.873384+00:00 DEBUG 'ansible_navigator.main' Using settings file at /home/student/MyLaptop/Demos/CH1/ansible-navigator.yml in search path
2023-12-11T18:23:02.873420+00:00 DEBUG 'ansible_navigator.main' Command provided: 'run DEMO_hello_world.yml'
2023-12-11T18:23:02.873460+00:00 WARNING 'ansible_navigator.main' Configuration errors encountered, rolling back to previous configuration.
2023-12-11T18:23:02.873512+00:00 DEBUG 'ansible_navigator.main' Prior to rollback: ansible_runner_artifact_dir = 'Not set' (Constants/Not set)
2023-12-11T18:23:02.873551+00:00 DEBUG 'ansible_navigator.main' Prior to rollback: ansible_runner_rotate_artifacts_count = 'Not set' (Constants/Not set)
2023-12-11T18:23:02.873590+00:00 DEBUG 'ansible_navigator.main' Prior to rollback: ansible_runner_timeout = 'Not set' (Constants/Not set)
2023-12-11T18:23:02.873641+00:00 DEBUG 'ansible_navigator.main' Prior to rollback: app = 'run' (str/Command line)
2023-12-11T18:23:02.873679+00:00 DEBUG 'ansible_navigator.main' Prior to rollback: cmdline = 'Not set' (Constants/Not set)
2023-12-11T18:23:02.873714+00:00 DEBUG 'ansible_navigator.main' Prior to rollback: collection_doc_cache_path = '/home/student/.cache/ansible-navigator/collection_doc_cache.db' (str/Defaults)
2023-12-11T18:23:02.873775+00:00 DEBUG 'ansible_navigator.main' Prior to rollback: config = 'Not set' (Constants/Not set)
2023-12-11T18:23:02.873813+00:00 DEBUG 'ansible_navigator.main' Prior to rollback: container_engine = 'auto' (str/Defaults)
2023-12-11T18:23:02.873848+00:00 DEBUG 'ansible_navigator.main' Prior to rollback: container_options = 'Not set' (Constants/Not set)
2023-12-11T18:23:02.873889+00:00 DEBUG 'ansible_navigator.main' Prior to rollback: display_color = 'True' (bool/Defaults)
2023-12-11T18:23:02.873925+00:00 DEBUG 'ansible_navigator.main' Prior to rollback: editor_command = 'vi +{line_number} {filename}' (str/Defaults)
2023-12-11T18:23:02.873960+00:00 DEBUG 'ansible_navigator.main' Prior to rollback: editor_console = 'True' (bool/Defaults)
2023-12-11T18:23:02.874000+00:00 DEBUG 'ansible_navigator.main' Prior to rollback: exec_command = '/bin/bash' (str/Defaults)
2023-12-11T18:23:02.874036+00:00 DEBUG 'ansible_navigator.main' Prior to rollback: exec_shell = 'True' (bool/Defaults)
2023-12-11T18:23:02.874070+00:00 DEBUG 'ansible_navigator.main' Prior to rollback: execution_environment = 'True' (bool/Defaults)
2023-12-11T18:23:02.874110+00:00 DEBUG 'ansible_navigator.main' Prior to rollback: execution_environment_image = 'registry.redhat.io/ansible-automation-platform-23/ee-supported-rhel8:latest' (str/Defaults)
2023-12-11T18:23:02.874158+00:00 DEBUG 'ansible_navigator.main' Prior to rollback: execution_environment_volume_mounts = 'Not set' (Constants/Not set)
2023-12-11T18:23:02.874203+00:00 DEBUG 'ansible_navigator.main' Prior to rollback: help_builder = 'False' (bool/Defaults)
2023-12-11T18:23:02.874238+00:00 DEBUG 'ansible_navigator.main' Prior to rollback: help_config = 'False' (bool/Defaults)
2023-12-11T18:23:02.874273+00:00 DEBUG 'ansible_navigator.main' Prior to rollback: help_doc = 'False' (bool/Defaults)
2023-12-11T18:23:02.874313+00:00 DEBUG 'ansible_navigator.main' Prior to rollback: help_inventory = 'False' (bool/Defaults)
2023-12-11T18:23:02.874349+00:00 DEBUG 'ansible_navigator.main' Prior to rollback: help_playbook = 'False' (bool/Defaults)
2023-12-11T18:23:02.874384+00:00 DEBUG 'ansible_navigator.main' Prior to rollback: images_details = '['everything']' (list/Defaults)
2023-12-11T18:23:02.874424+00:00 DEBUG 'ansible_navigator.main' Prior to rollback: inventory = 'Not set' (Constants/Not set)
2023-12-11T18:23:02.874460+00:00 DEBUG 'ansible_navigator.main' Prior to rollback: inventory_column = 'Not set' (Constants/Not set)
2023-12-11T18:23:02.874503+00:00 DEBUG 'ansible_navigator.main' Prior to rollback: lint_config = 'Not set' (Constants/Not set)
2023-12-11T18:23:02.874544+00:00 DEBUG 'ansible_navigator.main' Prior to rollback: lintables = 'Not set' (Constants/Not set)
2023-12-11T18:23:02.874580+00:00 DEBUG 'ansible_navigator.main' Prior to rollback: log_append = 'True' (bool/Defaults)
2023-12-11T18:23:02.874624+00:00 DEBUG 'ansible_navigator.main' Prior to rollback: log_file = '/home/student/MyLaptop/Demos/CH1/ansible-navigator.log' (str/Defaults)
2023-12-11T18:23:02.874669+00:00 DEBUG 'ansible_navigator.main' Prior to rollback: log_level = 'warning' (str/Defaults)
2023-12-11T18:23:02.874705+00:00 DEBUG 'ansible_navigator.main' Prior to rollback: mode = 'interactive' (str/Defaults)
2023-12-11T18:23:02.874741+00:00 DEBUG 'ansible_navigator.main' Prior to rollback: osc4 = 'True' (bool/Defaults)
2023-12-11T18:23:02.874804+00:00 DEBUG 'ansible_navigator.main' Prior to rollback: pass_environment_variable = 'Not set' (Constants/Not set)
2023-12-11T18:23:02.874847+00:00 DEBUG 'ansible_navigator.main' Prior to rollback: playbook = 'DEMO_hello_world.yml' (str/Command line)
2023-12-11T18:23:02.874883+00:00 DEBUG 'ansible_navigator.main' Prior to rollback: playbook_artifact_enable = 'True' (bool/Defaults)
2023-12-11T18:23:02.874924+00:00 DEBUG 'ansible_navigator.main' Prior to rollback: playbook_artifact_replay = 'Not set' (Constants/Not set)
2023-12-11T18:23:02.874959+00:00 DEBUG 'ansible_navigator.main' Prior to rollback: playbook_artifact_save_as = '{playbook_dir}/{playbook_name}-artifact-{time_stamp}.json' (str/Defaults)
2023-12-11T18:23:02.874996+00:00 DEBUG 'ansible_navigator.main' Prior to rollback: plugin_name = 'Not set' (Constants/Not set)
2023-12-11T18:23:02.875035+00:00 DEBUG 'ansible_navigator.main' Prior to rollback: plugin_type = 'module' (str/Defaults)
2023-12-11T18:23:02.875071+00:00 DEBUG 'ansible_navigator.main' Prior to rollback: pull_arguments = 'Not set' (Constants/Not set)
2023-12-11T18:23:02.875106+00:00 DEBUG 'ansible_navigator.main' Prior to rollback: pull_policy = 'tag' (str/Defaults)
2023-12-11T18:23:02.875148+00:00 DEBUG 'ansible_navigator.main' Prior to rollback: set_environment_variable = 'Not set' (Constants/Not set)
2023-12-11T18:23:02.875182+00:00 DEBUG 'ansible_navigator.main' Prior to rollback: settings_effective = 'False' (bool/Defaults)
2023-12-11T18:23:02.875217+00:00 DEBUG 'ansible_navigator.main' Prior to rollback: settings_sample = 'False' (bool/Defaults)
2023-12-11T18:23:02.875259+00:00 DEBUG 'ansible_navigator.main' Prior to rollback: settings_schema = 'json' (str/Defaults)
2023-12-11T18:23:02.875295+00:00 DEBUG 'ansible_navigator.main' Prior to rollback: settings_sources = 'False' (bool/Defaults)
2023-12-11T18:23:02.875329+00:00 DEBUG 'ansible_navigator.main' Prior to rollback: time_zone = 'UTC' (str/Defaults)
2023-12-11T18:23:02.875383+00:00 DEBUG 'ansible_navigator.main' Prior to rollback: workdir = '/home/student/MyLaptop/Demos/CH1' (str/Defaults)
2023-12-11T18:23:02.875419+00:00 DEBUG 'ansible_navigator.main' After rollback: ansible_runner_artifact_dir = 'Not set' (Constants/Not set)
2023-12-11T18:23:02.875460+00:00 DEBUG 'ansible_navigator.main' After rollback: ansible_runner_rotate_artifacts_count = 'Not set' (Constants/Not set)
2023-12-11T18:23:02.875502+00:00 DEBUG 'ansible_navigator.main' After rollback: ansible_runner_timeout = 'Not set' (Constants/Not set)
2023-12-11T18:23:02.875538+00:00 DEBUG 'ansible_navigator.main' After rollback: app = 'Not set' (Constants/Not set)
2023-12-11T18:23:02.875578+00:00 DEBUG 'ansible_navigator.main' After rollback: cmdline = 'Not set' (Constants/Not set)
2023-12-11T18:23:02.875617+00:00 DEBUG 'ansible_navigator.main' After rollback: collection_doc_cache_path = 'Not set' (Constants/Not set)
2023-12-11T18:23:02.875664+00:00 DEBUG 'ansible_navigator.main' After rollback: config = 'Not set' (Constants/Not set)
2023-12-11T18:23:02.875704+00:00 DEBUG 'ansible_navigator.main' After rollback: container_engine = 'Not set' (Constants/Not set)
2023-12-11T18:23:02.875739+00:00 DEBUG 'ansible_navigator.main' After rollback: container_options = 'Not set' (Constants/Not set)
2023-12-11T18:23:02.875786+00:00 DEBUG 'ansible_navigator.main' After rollback: display_color = 'Not set' (Constants/Not set)
2023-12-11T18:23:02.875828+00:00 DEBUG 'ansible_navigator.main' After rollback: editor_command = 'Not set' (Constants/Not set)
2023-12-11T18:23:02.875863+00:00 DEBUG 'ansible_navigator.main' After rollback: editor_console = 'Not set' (Constants/Not set)
2023-12-11T18:23:02.875898+00:00 DEBUG 'ansible_navigator.main' After rollback: exec_command = 'Not set' (Constants/Not set)
2023-12-11T18:23:02.875937+00:00 DEBUG 'ansible_navigator.main' After rollback: exec_shell = 'Not set' (Constants/Not set)
2023-12-11T18:23:02.875973+00:00 DEBUG 'ansible_navigator.main' After rollback: execution_environment = 'Not set' (Constants/Not set)
2023-12-11T18:23:02.876007+00:00 DEBUG 'ansible_navigator.main' After rollback: execution_environment_image = 'Not set' (Constants/Not set)
2023-12-11T18:23:02.876046+00:00 DEBUG 'ansible_navigator.main' After rollback: execution_environment_volume_mounts = 'Not set' (Constants/Not set)
2023-12-11T18:23:02.876081+00:00 DEBUG 'ansible_navigator.main' After rollback: help_builder = 'Not set' (Constants/Not set)
2023-12-11T18:23:02.876115+00:00 DEBUG 'ansible_navigator.main' After rollback: help_config = 'Not set' (Constants/Not set)
2023-12-11T18:23:02.876153+00:00 DEBUG 'ansible_navigator.main' After rollback: help_doc = 'Not set' (Constants/Not set)
2023-12-11T18:23:02.876187+00:00 DEBUG 'ansible_navigator.main' After rollback: help_inventory = 'Not set' (Constants/Not set)
2023-12-11T18:23:02.876221+00:00 DEBUG 'ansible_navigator.main' After rollback: help_playbook = 'Not set' (Constants/Not set)
2023-12-11T18:23:02.876261+00:00 DEBUG 'ansible_navigator.main' After rollback: images_details = 'Not set' (Constants/Not set)
2023-12-11T18:23:02.876296+00:00 DEBUG 'ansible_navigator.main' After rollback: inventory = 'Not set' (Constants/Not set)
2023-12-11T18:23:02.876330+00:00 DEBUG 'ansible_navigator.main' After rollback: inventory_column = 'Not set' (Constants/Not set)
2023-12-11T18:23:02.876368+00:00 DEBUG 'ansible_navigator.main' After rollback: lint_config = 'Not set' (Constants/Not set)
2023-12-11T18:23:02.876403+00:00 DEBUG 'ansible_navigator.main' After rollback: lintables = 'Not set' (Constants/Not set)
2023-12-11T18:23:02.876437+00:00 DEBUG 'ansible_navigator.main' After rollback: log_append = 'Not set' (Constants/Not set)
2023-12-11T18:23:02.876476+00:00 DEBUG 'ansible_navigator.main' After rollback: log_file = 'Not set' (Constants/Not set)
2023-12-11T18:23:02.876529+00:00 DEBUG 'ansible_navigator.main' After rollback: log_level = 'Not set' (Constants/Not set)
2023-12-11T18:23:02.876565+00:00 DEBUG 'ansible_navigator.main' After rollback: mode = 'Not set' (Constants/Not set)
2023-12-11T18:23:02.876628+00:00 DEBUG 'ansible_navigator.main' After rollback: osc4 = 'Not set' (Constants/Not set)
2023-12-11T18:23:02.876677+00:00 DEBUG 'ansible_navigator.main' After rollback: pass_environment_variable = 'Not set' (Constants/Not set)
2023-12-11T18:23:02.876717+00:00 DEBUG 'ansible_navigator.main' After rollback: playbook = 'Not set' (Constants/Not set)
2023-12-11T18:23:02.876776+00:00 DEBUG 'ansible_navigator.main' After rollback: playbook_artifact_enable = 'Not set' (Constants/Not set)
2023-12-11T18:23:02.876820+00:00 DEBUG 'ansible_navigator.main' After rollback: playbook_artifact_replay = 'Not set' (Constants/Not set)
2023-12-11T18:23:02.876861+00:00 DEBUG 'ansible_navigator.main' After rollback: playbook_artifact_save_as = 'Not set' (Constants/Not set)
2023-12-11T18:23:02.876897+00:00 DEBUG 'ansible_navigator.main' After rollback: plugin_name = 'Not set' (Constants/Not set)
2023-12-11T18:23:02.876932+00:00 DEBUG 'ansible_navigator.main' After rollback: plugin_type = 'Not set' (Constants/Not set)
2023-12-11T18:23:02.876974+00:00 DEBUG 'ansible_navigator.main' After rollback: pull_arguments = 'Not set' (Constants/Not set)
2023-12-11T18:23:02.877009+00:00 DEBUG 'ansible_navigator.main' After rollback: pull_policy = 'Not set' (Constants/Not set)
2023-12-11T18:23:02.877043+00:00 DEBUG 'ansible_navigator.main' After rollback: set_environment_variable = 'Not set' (Constants/Not set)
2023-12-11T18:23:02.877082+00:00 DEBUG 'ansible_navigator.main' After rollback: settings_effective = 'Not set' (Constants/Not set)
2023-12-11T18:23:02.877117+00:00 DEBUG 'ansible_navigator.main' After rollback: settings_sample = 'Not set' (Constants/Not set)
2023-12-11T18:23:02.877151+00:00 DEBUG 'ansible_navigator.main' After rollback: settings_schema = 'Not set' (Constants/Not set)
2023-12-11T18:23:02.877191+00:00 DEBUG 'ansible_navigator.main' After rollback: settings_sources = 'Not set' (Constants/Not set)
2023-12-11T18:23:02.877226+00:00 DEBUG 'ansible_navigator.main' After rollback: time_zone = 'Not set' (Constants/Not set)
2023-12-11T18:23:02.877260+00:00 DEBUG 'ansible_navigator.main' After rollback: workdir = 'Not set' (Constants/Not set)
2023-12-11T18:23:02.877300+00:00 DEBUG 'ansible_navigator.main' Configuration rollback complete.
2023-12-11T18:23:02.877335+00:00 DEBUG 'ansible_navigator.main' Collection doc cache not mounted
2023-12-11T18:23:02.877390+00:00 WARNING 'ansible_navigator.main' Issues were found while applying the settings.
2023-12-11T18:23:02.877434+00:00 INFO 'ansible_navigator.main' Command provided: 'run DEMO_hello_world.yml'
2023-12-11T18:23:02.877477+00:00 ERROR 'ansible_navigator.main' The following errors were found in the settings file (/home/student/MyLaptop/Demos/CH1/ansible-navigator.yml):
2023-12-11T18:23:02.877525+00:00 ERROR 'ansible_navigator.main' In 'ansible-navigator.execution-environment': Additional properties are not allowed ('mode' was unexpected).
2023-12-11T18:23:02.877578+00:00 INFO 'ansible_navigator.main' Check the settings file and compare it to the current version.
2023-12-11T18:23:02.877616+00:00 INFO 'ansible_navigator.main' The current version can be found here: (https://ansible-navigator.readthedocs.io/en/latest/settings/#ansible-navigator-settings)
2023-12-11T18:23:02.877662+00:00 INFO 'ansible_navigator.main' The schema used for validation can be seen with 'ansible-navigator settings --schema'
2023-12-11T18:23:02.877713+00:00 INFO 'ansible_navigator.main' A sample settings file can be created with 'ansible-navigator settings --sample'
2023-12-11T18:23:02.877767+00:00 INFO 'ansible_navigator.main' Configuration failed, using default log file location. (/home/student/MyLaptop/Demos/CH1/ansible-navigator.log) Log level set to debug
2023-12-11T18:23:02.877809+00:00 INFO 'ansible_navigator.main' Review the hints and log file to see what went wrong.
